CPU Temp: 56.9°C
>> High temperature detected! Turning fan ON (Relay ON)
Rechecking temperature after cooling: 46.2°C
>> Temperature still high. Keeping fan ON for another cycle.
CPU Temp: 45.6°C
>> High temperature detected! Turning fan ON (Relay ON)
Rechecking temperature after cooling: 44.0°C
>> Temperature normalized. Turning fan OFF (Relay OFF)
CPU Temp: 44.0°C
>> Temperature normal. Fan remains OFF.
CPU Temp: 44.0°C
>> Temperature normal. Fan remains OFF.
CPU Temp: 45.1°C
>> High temperature detected! Turning fan ON (Relay ON)
Rechecking temperature after cooling: 43.5°C
>> Temperature normalized. Turning fan OFF (Relay OFF)
CPU Temp: 43.5°C
>> Temperature normal. Fan remains OFF.
CPU Temp: 44.0°C
>> Temperature normal. Fan remains OFF.
CPU Temp: 44.5°C
>> Temperature normal. Fan remains OFF.
CPU Temp: 45.1°C
>> High temperature detected! Turning fan ON (Relay ON)
Rechecking temperature after cooling: 43.5°C
>> Temperature normalized. Turning fan OFF (Relay OFF)
CPU Temp: 44.0°C
>> Temperature normal. Fan remains OFF.
CPU Temp: 44.5°C
>> Temperature normal. Fan remains OFF.
CPU Temp: 44.0°C
>> Temperature normal. Fan remains OFF.
CPU Temp: 45.1°C
>> High temperature detected! Turning fan ON (Relay ON)
Rechecking temperature after cooling: 45.1°C
>> Temperature still high. Keeping fan ON for another cycle.
CPU Temp: 46.2°C
>> High temperature detected! Turning fan ON (Relay ON)
Rechecking temperature after cooling: 43.5°C
>> Temperature normalized. Turning fan OFF (Relay OFF)
CPU Temp: 44.0°C
>> Temperature normal. Fan remains OFF.
CPU Temp: 44.0°C
>> Temperature normal. Fan remains OFF.
CPU Temp: 44.5°C
>> Temperature normal. Fan remains OFF.
CPU Temp: 44.5°C
>> Temperature normal. Fan remains OFF.
CPU Temp: 45.6°C
>> High temperature detected! Turning fan ON (Relay ON)
Rechecking temperature after cooling: 44.0°C
>> Temperature normalized. Turning fan OFF (Relay OFF)
CPU Temp: 44.5°C
>> Temperature normal. Fan remains OFF.
CPU Temp: 44.5°C
>> Temperature normal. Fan remains OFF.
CPU Temp: 45.1°C
>> High temperature detected! Turning fan ON (Relay ON)
Rechecking temperature after cooling: 44.0°C
>> Temperature normalized. Turning fan OFF (Relay OFF)
CPU Temp: 44.0°C
>> Temperature normal. Fan remains OFF.
CPU Temp: 44.0°C
>> Temperature normal. Fan remains OFF.
CPU Temp: 45.1°C
>> High temperature detected! Turning fan ON (Relay ON)
Rechecking temperature after cooling: 44.0°C
>> Temperature normalized. Turning fan OFF (Relay OFF)
CPU Temp: 44.0°C
>> Temperature normal. Fan remains OFF.
CPU Temp: 44.0°C
>> Temperature normal. Fan remains OFF.
CPU Temp: 45.1°C
>> High temperature detected! Turning fan ON (Relay ON)
Rechecking temperature after cooling: 43.5°C
>> Temperature normalized. Turning fan OFF (Relay OFF)
CPU Temp: 44.0°C
>> Temperature normal. Fan remains OFF.
CPU Temp: 44.5°C
>> Temperature normal. Fan remains OFF.
CPU Temp: 45.1°C
>> High temperature detected! Turning fan ON (Relay ON)
Rechecking temperature after cooling: 44.0°C
>> Temperature normalized. Turning fan OFF (Relay OFF)
CPU Temp: 44.0°C
>> Temperature normal. Fan remains OFF.
CPU Temp: 44.0°C
>> Temperature normal. Fan remains OFF.
CPU Temp: 45.1°C
>> High temperature detected! Turning fan ON (Relay ON)
Rechecking temperature after cooling: 43.5°C
>> Temperature normalized. Turning fan OFF (Relay OFF)
CPU Temp: 44.0°C
>> Temperature normal. Fan remains OFF.
CPU Temp: 44.0°C
>> Temperature normal. Fan remains OFF.
CPU Temp: 44.5°C
>> Temperature normal. Fan remains OFF.
CPU Temp: 45.1°C
>> High temperature detected! Turning fan ON (Relay ON)
Rechecking temperature after cooling: 44.0°C
>> Temperature normalized. Turning fan OFF (Relay OFF)
CPU Temp: 44.0°C
>> Temperature normal. Fan remains OFF.
CPU Temp: 44.0°C
>> Temperature normal. Fan remains OFF.
CPU Temp: 45.1°C
>> High temperature detected! Turning fan ON (Relay ON)
Rechecking temperature after cooling: 44.0°C
>> Temperature normalized. Turning fan OFF (Relay OFF)
CPU Temp: 44.0°C
>> Temperature normal. Fan remains OFF.
CPU Temp: 45.1°C
>> High temperature detected! Turning fan ON (Relay ON)
Rechecking temperature after cooling: 44.5°C
>> Temperature normalized. Turning fan OFF (Relay OFF)
CPU Temp: 44.5°C
>> Temperature normal. Fan remains OFF.
CPU Temp: 45.1°C
>> High temperature detected! Turning fan ON (Relay ON)
Rechecking temperature after cooling: 44.0°C
>> Temperature normalized. Turning fan OFF (Relay OFF)
CPU Temp: 44.0°C
>> Temperature normal. Fan remains OFF.
CPU Temp: 44.5°C
>> Temperature normal. Fan remains OFF.
CPU Temp: 45.1°C
>> High temperature detected! Turning fan ON (Relay ON)
Rechecking temperature after cooling: 44.0°C
>> Temperature normalized. Turning fan OFF (Relay OFF)
CPU Temp: 44.5°C
>> Temperature normal. Fan remains OFF.
CPU Temp: 45.1°C
>> High temperature detected! Turning fan ON (Relay ON)
Rechecking temperature after cooling: 44.0°C
>> Temperature normalized. Turning fan OFF (Relay OFF)
CPU Temp: 44.0°C
>> Temperature normal. Fan remains OFF.
CPU Temp: 44.0°C
>> Temperature normal. Fan remains OFF.
CPU Temp: 45.1°C
>> High temperature detected! Turning fan ON (Relay ON)
Rechecking temperature after cooling: 44.5°C
>> Temperature normalized. Turning fan OFF (Relay OFF)
CPU Temp: 44.0°C
>> Temperature normal. Fan remains OFF.
CPU Temp: 44.0°C
>> Temperature normal. Fan remains OFF.
CPU Temp: 45.1°C
>> High temperature detected! Turning fan ON (Relay ON)
Rechecking temperature after cooling: 44.5°C
>> Temperature normalized. Turning fan OFF (Relay OFF)
CPU Temp: 44.5°C
>> Temperature normal. Fan remains OFF.
CPU Temp: 45.1°C
>> High temperature detected! Turning fan ON (Relay ON)
Rechecking temperature after cooling: 44.0°C
>> Temperature normalized. Turning fan OFF (Relay OFF)
CPU Temp: 44.0°C
>> Temperature normal. Fan remains OFF.
CPU Temp: 45.1°C
>> High temperature detected! Turning fan ON (Relay ON)
Rechecking temperature after cooling: 44.0°C
>> Temperature normalized. Turning fan OFF (Relay OFF)
CPU Temp: 44.5°C
>> Temperature normal. Fan remains OFF.
CPU Temp: 44.5°C
>> Temperature normal. Fan remains OFF.
CPU Temp: 45.1°C
>> High temperature detected! Turning fan ON (Relay ON)
Rechecking temperature after cooling: 44.0°C
>> Temperature normalized. Turning fan OFF (Relay OFF)
CPU Temp: 44.0°C
>> Temperature normal. Fan remains OFF.
CPU Temp: 44.5°C
>> Temperature normal. Fan remains OFF.
CPU Temp: 45.1°C
>> High temperature detected! Turning fan ON (Relay ON)
Rechecking temperature after cooling: 42.9°C
>> Temperature normalized. Turning fan OFF (Relay OFF)
CPU Temp: 42.4°C
>> Temperature normal. Fan remains OFF.
CPU Temp: 42.9°C
>> Temperature normal. Fan remains OFF.
CPU Temp: 42.9°C
>> Temperature normal. Fan remains OFF.
CPU Temp: 43.5°C
>> Temperature normal. Fan remains OFF.
CPU Temp: 44.0°C
>> Temperature normal. Fan remains OFF.
CPU Temp: 44.0°C
>> Temperature normal. Fan remains OFF.
CPU Temp: 44.0°C
>> Temperature normal. Fan remains OFF.
CPU Temp: 44.0°C
>> Temperature normal. Fan remains OFF.
CPU Temp: 44.5°C
>> Temperature normal. Fan remains OFF.
CPU Temp: 45.1°C
>> High temperature detected! Turning fan ON (Relay ON)
Rechecking temperature after cooling: 41.9°C
>> Temperature normalized. Turning fan OFF (Relay OFF)
CPU Temp: 40.8°C
>> Temperature normal. Fan remains OFF.
CPU Temp: 41.9°C
>> Temperature normal. Fan remains OFF.
CPU Temp: 41.9°C
>> Temperature normal. Fan remains OFF.
CPU Temp: 41.9°C
>> Temperature normal. Fan remains OFF.
CPU Temp: 41.9°C
>> Temperature normal. Fan remains OFF.
CPU Temp: 42.4°C
>> Temperature normal. Fan remains OFF.
CPU Temp: 42.9°C
>> Temperature normal. Fan remains OFF.
CPU Temp: 42.9°C
>> Temperature normal. Fan remains OFF.
CPU Temp: 42.9°C
>> Temperature normal. Fan remains OFF.
CPU Temp: 42.9°C
>> Temperature normal. Fan remains OFF.
CPU Temp: 44.0°C
>> Temperature normal. Fan remains OFF.
CPU Temp: 43.5°C
>> Temperature normal. Fan remains OFF.
CPU Temp: 44.0°C
>> Temperature normal. Fan remains OFF.
CPU Temp: 44.0°C
>> Temperature normal. Fan remains OFF.
CPU Temp: 43.5°C
>> Temperature normal. Fan remains OFF.
CPU Temp: 44.5°C
>> Temperature normal. Fan remains OFF.
CPU Temp: 44.0°C
>> Temperature normal. Fan remains OFF.
CPU Temp: 44.0°C
>> Temperature normal. Fan remains OFF.
CPU Temp: 44.0°C
>> Temperature normal. Fan remains OFF.
CPU Temp: 44.0°C
>> Temperature normal. Fan remains OFF.
CPU Temp: 44.5°C
>> Temperature normal. Fan remains OFF.
CPU Temp: 44.0°C
>> Temperature normal. Fan remains OFF.
CPU Temp: 44.5°C
>> Temperature normal. Fan remains OFF.
CPU Temp: 45.1°C
>> High temperature detected! Turning fan ON (Relay ON)
Rechecking temperature after cooling: 40.8°C
>> Temperature normalized. Turning fan OFF (Relay OFF)
CPU Temp: 41.3°C
>> Temperature normal. Fan remains OFF.
CPU Temp: 41.3°C
>> Temperature normal. Fan remains OFF.
CPU Temp: 41.3°C
>> Temperature normal. Fan remains OFF.
CPU Temp: 41.9°C
>> Temperature normal. Fan remains OFF.
CPU Temp: 41.9°C
>> Temperature normal. Fan remains OFF.
CPU Temp: 41.9°C
>> Temperature normal. Fan remains OFF.
CPU Temp: 42.4°C
>> Temperature normal. Fan remains OFF.
CPU Temp: 42.9°C
>> Temperature normal. Fan remains OFF.
CPU Temp: 42.9°C
>> Temperature normal. Fan remains OFF.
CPU Temp: 43.5°C
>> Temperature normal. Fan remains OFF.
CPU Temp: 43.5°C
>> Temperature normal. Fan remains OFF.
CPU Temp: 43.5°C
>> Temperature normal. Fan remains OFF.
CPU Temp: 43.5°C
>> Temperature normal. Fan remains OFF.
CPU Temp: 43.5°C
>> Temperature normal. Fan remains OFF.
CPU Temp: 43.5°C
>> Temperature normal. Fan remains OFF.
CPU Temp: 43.5°C
>> Temperature normal. Fan remains OFF.
CPU Temp: 43.5°C
>> Temperature normal. Fan remains OFF.
CPU Temp: 44.0°C
>> Temperature normal. Fan remains OFF.
CPU Temp: 44.0°C
>> Temperature normal. Fan remains OFF.
CPU Temp: 43.5°C
>> Temperature normal. Fan remains OFF.
CPU Temp: 44.5°C
>> Temperature normal. Fan remains OFF.
CPU Temp: 44.0°C
>> Temperature normal. Fan remains OFF.
CPU Temp: 44.5°C
>> Temperature normal. Fan remains OFF.
CPU Temp: 44.0°C
>> Temperature normal. Fan remains OFF.
CPU Temp: 44.5°C
>> Temperature normal. Fan remains OFF.
CPU Temp: 44.5°C
>> Temperature normal. Fan remains OFF.
CPU Temp: 44.5°C
>> Temperature normal. Fan remains OFF.
CPU Temp: 44.5°C
>> Temperature normal. Fan remains OFF.
CPU Temp: 45.1°C
>> High temperature detected! Turning fan ON (Relay ON)
Rechecking temperature after cooling: 41.3°C
>> Temperature normalized. Turning fan OFF (Relay OFF)
CPU Temp: 41.3°C
>> Temperature normal. Fan remains OFF.
CPU Temp: 41.3°C
>> Temperature normal. Fan remains OFF.
CPU Temp: 42.4°C
>> Temperature normal. Fan remains OFF.
CPU Temp: 41.9°C
>> Temperature normal. Fan remains OFF.
CPU Temp: 42.9°C
>> Temperature normal. Fan remains OFF.
CPU Temp: 42.4°C
>> Temperature normal. Fan remains OFF.
CPU Temp: 42.4°C
>> Temperature normal. Fan remains OFF.
CPU Temp: 42.9°C
>> Temperature normal. Fan remains OFF.
CPU Temp: 42.9°C
>> Temperature normal. Fan remains OFF.
CPU Temp: 42.9°C
>> Temperature normal. Fan remains OFF.
CPU Temp: 43.5°C
>> Temperature normal. Fan remains OFF.
CPU Temp: 44.0°C
>> Temperature normal. Fan remains OFF.
CPU Temp: 43.5°C
>> Temperature normal. Fan remains OFF.
CPU Temp: 43.5°C
>> Temperature normal. Fan remains OFF.
CPU Temp: 44.0°C
>> Temperature normal. Fan remains OFF.
CPU Temp: 44.0°C
>> Temperature normal. Fan remains OFF.
CPU Temp: 43.5°C
>> Temperature normal. Fan remains OFF.
CPU Temp: 44.5°C
>> Temperature normal. Fan remains OFF.
CPU Temp: 44.5°C
>> Temperature normal. Fan remains OFF.
CPU Temp: 44.5°C
>> Temperature normal. Fan remains OFF.
CPU Temp: 44.0°C
>> Temperature normal. Fan remains OFF.
CPU Temp: 44.0°C
>> Temperature normal. Fan remains OFF.
CPU Temp: 44.0°C
>> Temperature normal. Fan remains OFF.
CPU Temp: 45.1°C
>> High temperature detected! Turning fan ON (Relay ON)
Rechecking temperature after cooling: 40.8°C
>> Temperature normalized. Turning fan OFF (Relay OFF)
CPU Temp: 40.8°C
>> Temperature normal. Fan remains OFF.
CPU Temp: 40.8°C
>> Temperature normal. Fan remains OFF.
CPU Temp: 40.8°C
>> Temperature normal. Fan remains OFF.
CPU Temp: 41.9°C
>> Temperature normal. Fan remains OFF.
CPU Temp: 41.3°C
>> Temperature normal. Fan remains OFF.
CPU Temp: 41.9°C
>> Temperature normal. Fan remains OFF.
CPU Temp: 41.9°C
>> Temperature normal. Fan remains OFF.
CPU Temp: 41.9°C
>> Temperature normal. Fan remains OFF.
CPU Temp: 42.4°C
>> Temperature normal. Fan remains OFF.
CPU Temp: 41.9°C
>> Temperature normal. Fan remains OFF.
CPU Temp: 42.9°C
>> Temperature normal. Fan remains OFF.
CPU Temp: 42.4°C
>> Temperature normal. Fan remains OFF.
CPU Temp: 42.9°C
>> Temperature normal. Fan remains OFF.
CPU Temp: 42.9°C
>> Temperature normal. Fan remains OFF.
CPU Temp: 43.5°C
>> Temperature normal. Fan remains OFF.
CPU Temp: 42.9°C
>> Temperature normal. Fan remains OFF.
CPU Temp: 43.5°C
>> Temperature normal. Fan remains OFF.
CPU Temp: 43.5°C
>> Temperature normal. Fan remains OFF.
CPU Temp: 43.5°C
>> Temperature normal. Fan remains OFF.
CPU Temp: 43.5°C
>> Temperature normal. Fan remains OFF.
CPU Temp: 43.5°C
>> Temperature normal. Fan remains OFF.
CPU Temp: 43.5°C
>> Temperature normal. Fan remains OFF.
CPU Temp: 43.5°C
>> Temperature normal. Fan remains OFF.
CPU Temp: 44.0°C
>> Temperature normal. Fan remains OFF.
CPU Temp: 44.0°C
>> Temperature normal. Fan remains OFF.
CPU Temp: 44.0°C
>> Temperature normal. Fan remains OFF.
CPU Temp: 44.0°C
>> Temperature normal. Fan remains OFF.
CPU Temp: 45.1°C
>> High temperature detected! Turning fan ON (Relay ON)
Rechecking temperature after cooling: 40.8°C
>> Temperature normalized. Turning fan OFF (Relay OFF)
CPU Temp: 40.2°C
>> Temperature normal. Fan remains OFF.
CPU Temp: 40.8°C
>> Temperature normal. Fan remains OFF.
CPU Temp: 41.3°C
>> Temperature normal. Fan remains OFF.
CPU Temp: 41.9°C
>> Temperature normal. Fan remains OFF.
CPU Temp: 41.3°C
>> Temperature normal. Fan remains OFF.
CPU Temp: 41.9°C
>> Temperature normal. Fan remains OFF.
CPU Temp: 41.9°C
>> Temperature normal. Fan remains OFF.
CPU Temp: 41.3°C
>> Temperature normal. Fan remains OFF.
CPU Temp: 41.9°C
>> Temperature normal. Fan remains OFF.
CPU Temp: 42.4°C
>> Temperature normal. Fan remains OFF.
CPU Temp: 42.4°C
>> Temperature normal. Fan remains OFF.
CPU Temp: 42.9°C
>> Temperature normal. Fan remains OFF.
CPU Temp: 43.5°C
>> Temperature normal. Fan remains OFF.
CPU Temp: 42.4°C
>> Temperature normal. Fan remains OFF.
CPU Temp: 42.9°C
>> Temperature normal. Fan remains OFF.
CPU Temp: 42.9°C
>> Temperature normal. Fan remains OFF.
CPU Temp: 42.9°C
>> Temperature normal. Fan remains OFF.
CPU Temp: 43.5°C
>> Temperature normal. Fan remains OFF.
CPU Temp: 43.5°C
>> Temperature normal. Fan remains OFF.
CPU Temp: 44.0°C
>> Temperature normal. Fan remains OFF.
CPU Temp: 43.5°C
>> Temperature normal. Fan remains OFF.
CPU Temp: 44.0°C
>> Temperature normal. Fan remains OFF.
CPU Temp: 44.0°C
>> Temperature normal. Fan remains OFF.
CPU Temp: 44.0°C
>> Temperature normal. Fan remains OFF.
CPU Temp: 44.0°C
>> Temperature normal. Fan remains OFF.
CPU Temp: 44.0°C
>> Temperature normal. Fan remains OFF.
CPU Temp: 44.0°C
>> Temperature normal. Fan remains OFF.
CPU Temp: 44.0°C
>> Temperature normal. Fan remains OFF.
CPU Temp: 44.0°C
>> Temperature normal. Fan remains OFF.
CPU Temp: 44.0°C
>> Temperature normal. Fan remains OFF.
CPU Temp: 44.0°C
>> Temperature normal. Fan remains OFF.
CPU Temp: 44.0°C
>> Temperature normal. Fan remains OFF.
CPU Temp: 44.0°C
>> Temperature normal. Fan remains OFF.
CPU Temp: 45.1°C
>> High temperature detected! Turning fan ON (Relay ON)
Rechecking temperature after cooling: 40.8°C
>> Temperature normalized. Turning fan OFF (Relay OFF)
CPU Temp: 40.8°C
>> Temperature normal. Fan remains OFF.
CPU Temp: 40.8°C
>> Temperature normal. Fan remains OFF.
CPU Temp: 40.8°C
>> Temperature normal. Fan remains OFF.
CPU Temp: 41.3°C
>> Temperature normal. Fan remains OFF.
CPU Temp: 41.9°C
>> Temperature normal. Fan remains OFF.
CPU Temp: 41.3°C
>> Temperature normal. Fan remains OFF.
CPU Temp: 41.9°C
>> Temperature normal. Fan remains OFF.
CPU Temp: 41.9°C
>> Temperature normal. Fan remains OFF.
CPU Temp: 41.9°C
>> Temperature normal. Fan remains OFF.
CPU Temp: 41.9°C
>> Temperature normal. Fan remains OFF.
CPU Temp: 42.4°C
>> Temperature normal. Fan remains OFF.
CPU Temp: 42.4°C
>> Temperature normal. Fan remains OFF.
CPU Temp: 42.9°C
>> Temperature normal. Fan remains OFF.
CPU Temp: 42.9°C
>> Temperature normal. Fan remains OFF.
CPU Temp: 42.9°C
>> Temperature normal. Fan remains OFF.
CPU Temp: 42.9°C
>> Temperature normal. Fan remains OFF.
CPU Temp: 42.9°C
>> Temperature normal. Fan remains OFF.
CPU Temp: 42.9°C
>> Temperature normal. Fan remains OFF.
CPU Temp: 43.5°C
>> Temperature normal. Fan remains OFF.
CPU Temp: 42.9°C
>> Temperature normal. Fan remains OFF.
CPU Temp: 43.5°C
>> Temperature normal. Fan remains OFF.
CPU Temp: 43.5°C
>> Temperature normal. Fan remains OFF.
CPU Temp: 44.0°C
>> Temperature normal. Fan remains OFF.
CPU Temp: 43.5°C
>> Temperature normal. Fan remains OFF.
CPU Temp: 44.0°C
>> Temperature normal. Fan remains OFF.
CPU Temp: 44.0°C
>> Temperature normal. Fan remains OFF.
CPU Temp: 44.0°C
>> Temperature normal. Fan remains OFF.
CPU Temp: 43.5°C
>> Temperature normal. Fan remains OFF.
CPU Temp: 44.5°C
>> Temperature normal. Fan remains OFF.
CPU Temp: 44.0°C
>> Temperature normal. Fan remains OFF.
CPU Temp: 44.0°C
>> Temperature normal. Fan remains OFF.
CPU Temp: 44.5°C
>> Temperature normal. Fan remains OFF.
CPU Temp: 44.5°C
>> Temperature normal. Fan remains OFF.
CPU Temp: 45.1°C
>> High temperature detected! Turning fan ON (Relay ON)
Rechecking temperature after cooling: 40.8°C
>> Temperature normalized. Turning fan OFF (Relay OFF)
CPU Temp: 40.8°C
>> Temperature normal. Fan remains OFF.
CPU Temp: 40.8°C
>> Temperature normal. Fan remains OFF.
CPU Temp: 40.8°C
>> Temperature normal. Fan remains OFF.
CPU Temp: 40.8°C
>> Temperature normal. Fan remains OFF.
CPU Temp: 40.8°C
>> Temperature normal. Fan remains OFF.
CPU Temp: 41.3°C
>> Temperature normal. Fan remains OFF.
CPU Temp: 41.9°C
>> Temperature normal. Fan remains OFF.
CPU Temp: 41.9°C
>> Temperature normal. Fan remains OFF.
CPU Temp: 44.0°C
>> Temperature normal. Fan remains OFF.
CPU Temp: 42.9°C
>> Temperature normal. Fan remains OFF.
CPU Temp: 42.9°C
>> Temperature normal. Fan remains OFF.
CPU Temp: 42.9°C
>> Temperature normal. Fan remains OFF.
CPU Temp: 42.4°C
>> Temperature normal. Fan remains OFF.
CPU Temp: 43.5°C
>> Temperature normal. Fan remains OFF.
CPU Temp: 42.9°C
>> Temperature normal. Fan remains OFF.
CPU Temp: 43.5°C
>> Temperature normal. Fan remains OFF.
CPU Temp: 42.9°C
>> Temperature normal. Fan remains OFF.
CPU Temp: 42.9°C
>> Temperature normal. Fan remains OFF.
CPU Temp: 43.5°C
>> Temperature normal. Fan remains OFF.
CPU Temp: 43.5°C
>> Temperature normal. Fan remains OFF.
CPU Temp: 44.0°C
>> Temperature normal. Fan remains OFF.
CPU Temp: 42.9°C
>> Temperature normal. Fan remains OFF.
CPU Temp: 44.0°C
>> Temperature normal. Fan remains OFF.
CPU Temp: 44.0°C
>> Temperature normal. Fan remains OFF.
CPU Temp: 44.0°C
>> Temperature normal. Fan remains OFF.
CPU Temp: 44.0°C
>> Temperature normal. Fan remains OFF.
CPU Temp: 44.0°C
>> Temperature normal. Fan remains OFF.
CPU Temp: 44.0°C
>> Temperature normal. Fan remains OFF.
CPU Temp: 44.0°C
>> Temperature normal. Fan remains OFF.
CPU Temp: 44.5°C
>> Temperature normal. Fan remains OFF.
CPU Temp: 44.0°C
>> Temperature normal. Fan remains OFF.
CPU Temp: 44.5°C
>> Temperature normal. Fan remains OFF.
CPU Temp: 44.5°C
>> Temperature normal. Fan remains OFF.
CPU Temp: 44.5°C
>> Temperature normal. Fan remains OFF.
CPU Temp: 44.0°C
>> Temperature normal. Fan remains OFF.
CPU Temp: 44.5°C
>> Temperature normal. Fan remains OFF.
CPU Temp: 44.5°C
>> Temperature normal. Fan remains OFF.
CPU Temp: 45.1°C
>> High temperature detected! Turning fan ON (Relay ON)
Rechecking temperature after cooling: 39.7°C
>> Temperature normalized. Turning fan OFF (Relay OFF)
CPU Temp: 39.7°C
>> Temperature normal. Fan remains OFF.
CPU Temp: 39.7°C
>> Temperature normal. Fan remains OFF.
CPU Temp: 40.8°C
>> Temperature normal. Fan remains OFF.
CPU Temp: 40.8°C
>> Temperature normal. Fan remains OFF.
CPU Temp: 40.8°C
>> Temperature normal. Fan remains OFF.
CPU Temp: 41.3°C
>> Temperature normal. Fan remains OFF.
CPU Temp: 40.8°C
>> Temperature normal. Fan remains OFF.
CPU Temp: 41.3°C
>> Temperature normal. Fan remains OFF.
CPU Temp: 41.9°C
>> Temperature normal. Fan remains OFF.
CPU Temp: 41.3°C
>> Temperature normal. Fan remains OFF.
CPU Temp: 42.4°C
>> Temperature normal. Fan remains OFF.
CPU Temp: 41.9°C
>> Temperature normal. Fan remains OFF.
CPU Temp: 42.4°C
>> Temperature normal. Fan remains OFF.
CPU Temp: 41.9°C
>> Temperature normal. Fan remains OFF.
CPU Temp: 42.4°C
>> Temperature normal. Fan remains OFF.
CPU Temp: 42.4°C
>> Temperature normal. Fan remains OFF.
CPU Temp: 42.9°C
>> Temperature normal. Fan remains OFF.
CPU Temp: 41.9°C
>> Temperature normal. Fan remains OFF.
CPU Temp: 42.9°C
>> Temperature normal. Fan remains OFF.
CPU Temp: 42.9°C
>> Temperature normal. Fan remains OFF.
CPU Temp: 42.9°C
>> Temperature normal. Fan remains OFF.
CPU Temp: 42.9°C
>> Temperature normal. Fan remains OFF.
CPU Temp: 42.9°C
>> Temperature normal. Fan remains OFF.
CPU Temp: 42.9°C
>> Temperature normal. Fan remains OFF.
CPU Temp: 42.9°C
>> Temperature normal. Fan remains OFF.
CPU Temp: 42.9°C
>> Temperature normal. Fan remains OFF.
CPU Temp: 42.9°C
>> Temperature normal. Fan remains OFF.
CPU Temp: 43.5°C
>> Temperature normal. Fan remains OFF.
CPU Temp: 43.5°C
>> Temperature normal. Fan remains OFF.
CPU Temp: 44.0°C
>> Temperature normal. Fan remains OFF.
CPU Temp: 43.5°C
>> Temperature normal. Fan remains OFF.
CPU Temp: 43.5°C
>> Temperature normal. Fan remains OFF.
CPU Temp: 42.9°C
>> Temperature normal. Fan remains OFF.
CPU Temp: 44.5°C
>> Temperature normal. Fan remains OFF.
CPU Temp: 43.5°C
>> Temperature normal. Fan remains OFF.
CPU Temp: 44.0°C
>> Temperature normal. Fan remains OFF.
CPU Temp: 44.0°C
>> Temperature normal. Fan remains OFF.
CPU Temp: 44.0°C
>> Temperature normal. Fan remains OFF.
CPU Temp: 44.0°C
>> Temperature normal. Fan remains OFF.
CPU Temp: 44.0°C
>> Temperature normal. Fan remains OFF.
CPU Temp: 44.0°C
>> Temperature normal. Fan remains OFF.
CPU Temp: 44.0°C
>> Temperature normal. Fan remains OFF.
CPU Temp: 44.0°C
>> Temperature normal. Fan remains OFF.
CPU Temp: 44.0°C
>> Temperature normal. Fan remains OFF.
CPU Temp: 44.5°C
>> Temperature normal. Fan remains OFF.
CPU Temp: 44.5°C
>> Temperature normal. Fan remains OFF.
CPU Temp: 44.0°C
>> Temperature normal. Fan remains OFF.
CPU Temp: 44.5°C
>> Temperature normal. Fan remains OFF.
CPU Temp: 44.0°C
>> Temperature normal. Fan remains OFF.
CPU Temp: 44.0°C
>> Temperature normal. Fan remains OFF.
CPU Temp: 44.0°C
>> Temperature normal. Fan remains OFF.
CPU Temp: 43.5°C
>> Temperature normal. Fan remains OFF.
CPU Temp: 44.5°C
>> Temperature normal. Fan remains OFF.
CPU Temp: 44.0°C
>> Temperature normal. Fan remains OFF.
CPU Temp: 44.5°C
>> Temperature normal. Fan remains OFF.
CPU Temp: 44.0°C
>> Temperature normal. Fan remains OFF.
CPU Temp: 44.5°C
>> Temperature normal. Fan remains OFF.
CPU Temp: 44.5°C
>> Temperature normal. Fan remains OFF.
CPU Temp: 44.0°C
>> Temperature normal. Fan remains OFF.
CPU Temp: 44.5°C
>> Temperature normal. Fan remains OFF.
CPU Temp: 44.0°C
>> Temperature normal. Fan remains OFF.
CPU Temp: 44.0°C
>> Temperature normal. Fan remains OFF.
CPU Temp: 45.1°C
>> High temperature detected! Turning fan ON (Relay ON)
Rechecking temperature after cooling: 39.7°C
>> Temperature normalized. Turning fan OFF (Relay OFF)
CPU Temp: 39.7°C
>> Temperature normal. Fan remains OFF.
CPU Temp: 39.7°C
>> Temperature normal. Fan remains OFF.
CPU Temp: 40.2°C
>> Temperature normal. Fan remains OFF.
CPU Temp: 40.2°C
>> Temperature normal. Fan remains OFF.
CPU Temp: 40.8°C
>> Temperature normal. Fan remains OFF.
CPU Temp: 40.8°C
>> Temperature normal. Fan remains OFF.
CPU Temp: 40.8°C
>> Temperature normal. Fan remains OFF.
CPU Temp: 41.3°C
>> Temperature normal. Fan remains OFF.
CPU Temp: 41.3°C
>> Temperature normal. Fan remains OFF.
CPU Temp: 41.9°C
>> Temperature normal. Fan remains OFF.
CPU Temp: 41.9°C
>> Temperature normal. Fan remains OFF.
CPU Temp: 41.9°C
>> Temperature normal. Fan remains OFF.
CPU Temp: 41.9°C
>> Temperature normal. Fan remains OFF.
CPU Temp: 42.4°C
>> Temperature normal. Fan remains OFF.
CPU Temp: 42.4°C
>> Temperature normal. Fan remains OFF.
CPU Temp: 42.9°C
>> Temperature normal. Fan remains OFF.
CPU Temp: 42.9°C
>> Temperature normal. Fan remains OFF.
CPU Temp: 42.4°C
>> Temperature normal. Fan remains OFF.
CPU Temp: 42.9°C
>> Temperature normal. Fan remains OFF.
CPU Temp: 43.5°C
>> Temperature normal. Fan remains OFF.
CPU Temp: 42.9°C
>> Temperature normal. Fan remains OFF.
CPU Temp: 43.5°C
>> Temperature normal. Fan remains OFF.
CPU Temp: 43.5°C
>> Temperature normal. Fan remains OFF.
CPU Temp: 42.9°C
>> Temperature normal. Fan remains OFF.
CPU Temp: 44.0°C
>> Temperature normal. Fan remains OFF.
CPU Temp: 44.0°C
>> Temperature normal. Fan remains OFF.
CPU Temp: 43.5°C
>> Temperature normal. Fan remains OFF.
CPU Temp: 43.5°C
>> Temperature normal. Fan remains OFF.
CPU Temp: 43.5°C
>> Temperature normal. Fan remains OFF.
CPU Temp: 44.5°C
>> Temperature normal. Fan remains OFF.
CPU Temp: 44.0°C
>> Temperature normal. Fan remains OFF.
CPU Temp: 44.0°C
>> Temperature normal. Fan remains OFF.
CPU Temp: 43.5°C
>> Temperature normal. Fan remains OFF.
CPU Temp: 44.0°C
>> Temperature normal. Fan remains OFF.
CPU Temp: 44.0°C
>> Temperature normal. Fan remains OFF.
CPU Temp: 44.5°C
>> Temperature normal. Fan remains OFF.
CPU Temp: 44.0°C
>> Temperature normal. Fan remains OFF.
CPU Temp: 44.0°C
>> Temperature normal. Fan remains OFF.
CPU Temp: 44.5°C
>> Temperature normal. Fan remains OFF.
CPU Temp: 44.5°C
>> Temperature normal. Fan remains OFF.
CPU Temp: 45.1°C
>> High temperature detected! Turning fan ON (Relay ON)
Rechecking temperature after cooling: 40.2°C
>> Temperature normalized. Turning fan OFF (Relay OFF)
CPU Temp: 40.8°C
>> Temperature normal. Fan remains OFF.
CPU Temp: 39.7°C
>> Temperature normal. Fan remains OFF.
CPU Temp: 40.8°C
>> Temperature normal. Fan remains OFF.
CPU Temp: 40.8°C
>> Temperature normal. Fan remains OFF.
CPU Temp: 40.8°C
>> Temperature normal. Fan remains OFF.
CPU Temp: 40.8°C
>> Temperature normal. Fan remains OFF.
CPU Temp: 40.8°C
>> Temperature normal. Fan remains OFF.
CPU Temp: 40.8°C
>> Temperature normal. Fan remains OFF.
CPU Temp: 41.3°C
>> Temperature normal. Fan remains OFF.
CPU Temp: 41.3°C
>> Temperature normal. Fan remains OFF.
CPU Temp: 41.9°C
>> Temperature normal. Fan remains OFF.
CPU Temp: 41.9°C
>> Temperature normal. Fan remains OFF.
CPU Temp: 41.9°C
>> Temperature normal. Fan remains OFF.
CPU Temp: 42.4°C
>> Temperature normal. Fan remains OFF.
CPU Temp: 42.4°C
>> Temperature normal. Fan remains OFF.
CPU Temp: 42.9°C
>> Temperature normal. Fan remains OFF.
CPU Temp: 42.9°C
>> Temperature normal. Fan remains OFF.
CPU Temp: 42.9°C
>> Temperature normal. Fan remains OFF.
CPU Temp: 42.9°C
>> Temperature normal. Fan remains OFF.
CPU Temp: 42.9°C
>> Temperature normal. Fan remains OFF.
CPU Temp: 42.9°C
>> Temperature normal. Fan remains OFF.
CPU Temp: 43.5°C
>> Temperature normal. Fan remains OFF.
CPU Temp: 43.5°C
>> Temperature normal. Fan remains OFF.
CPU Temp: 44.0°C
>> Temperature normal. Fan remains OFF.
CPU Temp: 43.5°C
>> Temperature normal. Fan remains OFF.
CPU Temp: 44.0°C
>> Temperature normal. Fan remains OFF.
CPU Temp: 44.0°C
>> Temperature normal. Fan remains OFF.
CPU Temp: 44.0°C
>> Temperature normal. Fan remains OFF.
CPU Temp: 44.0°C
>> Temperature normal. Fan remains OFF.
CPU Temp: 44.0°C
>> Temperature normal. Fan remains OFF.
CPU Temp: 44.0°C
>> Temperature normal. Fan remains OFF.
CPU Temp: 44.0°C
>> Temperature normal. Fan remains OFF.
CPU Temp: 44.0°C
>> Temperature normal. Fan remains OFF.
CPU Temp: 44.0°C
>> Temperature normal. Fan remains OFF.
CPU Temp: 44.0°C
>> Temperature normal. Fan remains OFF.
CPU Temp: 44.5°C
>> Temperature normal. Fan remains OFF.
CPU Temp: 44.0°C
>> Temperature normal. Fan remains OFF.
CPU Temp: 44.0°C
>> Temperature normal. Fan remains OFF.
CPU Temp: 44.0°C
>> Temperature normal. Fan remains OFF.
CPU Temp: 44.0°C
>> Temperature normal. Fan remains OFF.
CPU Temp: 45.1°C
>> High temperature detected! Turning fan ON (Relay ON)
Rechecking temperature after cooling: 39.7°C
>> Temperature normalized. Turning fan OFF (Relay OFF)
CPU Temp: 39.7°C
>> Temperature normal. Fan remains OFF.
CPU Temp: 39.7°C
>> Temperature normal. Fan remains OFF.
CPU Temp: 40.2°C
>> Temperature normal. Fan remains OFF.
CPU Temp: 40.8°C
>> Temperature normal. Fan remains OFF.
CPU Temp: 40.8°C
>> Temperature normal. Fan remains OFF.
CPU Temp: 40.8°C
>> Temperature normal. Fan remains OFF.
CPU Temp: 40.8°C
>> Temperature normal. Fan remains OFF.
CPU Temp: 41.3°C
>> Temperature normal. Fan remains OFF.
CPU Temp: 40.8°C
>> Temperature normal. Fan remains OFF.
CPU Temp: 41.3°C
>> Temperature normal. Fan remains OFF.
CPU Temp: 40.8°C
>> Temperature normal. Fan remains OFF.
CPU Temp: 41.9°C
>> Temperature normal. Fan remains OFF.
CPU Temp: 41.9°C
>> Temperature normal. Fan remains OFF.
CPU Temp: 42.4°C
>> Temperature normal. Fan remains OFF.
CPU Temp: 42.4°C
>> Temperature normal. Fan remains OFF.
CPU Temp: 42.4°C
>> Temperature normal. Fan remains OFF.
CPU Temp: 42.9°C
>> Temperature normal. Fan remains OFF.
CPU Temp: 42.9°C
>> Temperature normal. Fan remains OFF.
CPU Temp: 42.9°C
>> Temperature normal. Fan remains OFF.
CPU Temp: 43.5°C
>> Temperature normal. Fan remains OFF.
CPU Temp: 42.9°C
>> Temperature normal. Fan remains OFF.
CPU Temp: 42.9°C
>> Temperature normal. Fan remains OFF.
CPU Temp: 42.9°C
>> Temperature normal. Fan remains OFF.
CPU Temp: 42.9°C
>> Temperature normal. Fan remains OFF.
CPU Temp: 44.0°C
>> Temperature normal. Fan remains OFF.
CPU Temp: 44.0°C
>> Temperature normal. Fan remains OFF.
CPU Temp: 44.0°C
>> Temperature normal. Fan remains OFF.
CPU Temp: 44.0°C
>> Temperature normal. Fan remains OFF.
CPU Temp: 43.5°C
>> Temperature normal. Fan remains OFF.
CPU Temp: 44.0°C
>> Temperature normal. Fan remains OFF.
CPU Temp: 44.0°C
>> Temperature normal. Fan remains OFF.
CPU Temp: 44.5°C
>> Temperature normal. Fan remains OFF.
CPU Temp: 44.5°C
>> Temperature normal. Fan remains OFF.
CPU Temp: 44.5°C
>> Temperature normal. Fan remains OFF.
CPU Temp: 45.1°C
>> High temperature detected! Turning fan ON (Relay ON)
Rechecking temperature after cooling: 39.7°C
>> Temperature normalized. Turning fan OFF (Relay OFF)
CPU Temp: 40.2°C
>> Temperature normal. Fan remains OFF.
CPU Temp: 39.7°C
>> Temperature normal. Fan remains OFF.
CPU Temp: 40.8°C
>> Temperature normal. Fan remains OFF.
CPU Temp: 40.8°C
>> Temperature normal. Fan remains OFF.
CPU Temp: 40.8°C
>> Temperature normal. Fan remains OFF.
CPU Temp: 40.8°C
>> Temperature normal. Fan remains OFF.
CPU Temp: 41.3°C
>> Temperature normal. Fan remains OFF.
CPU Temp: 42.4°C
>> Temperature normal. Fan remains OFF.
CPU Temp: 41.9°C
>> Temperature normal. Fan remains OFF.
CPU Temp: 41.9°C
>> Temperature normal. Fan remains OFF.
CPU Temp: 41.9°C
>> Temperature normal. Fan remains OFF.
CPU Temp: 42.4°C
>> Temperature normal. Fan remains OFF.
CPU Temp: 42.4°C
>> Temperature normal. Fan remains OFF.
CPU Temp: 42.9°C
>> Temperature normal. Fan remains OFF.
CPU Temp: 42.9°C
>> Temperature normal. Fan remains OFF.
CPU Temp: 42.9°C
>> Temperature normal. Fan remains OFF.
CPU Temp: 43.5°C
>> Temperature normal. Fan remains OFF.
CPU Temp: 43.5°C
>> Temperature normal. Fan remains OFF.
CPU Temp: 42.9°C
>> Temperature normal. Fan remains OFF.
CPU Temp: 43.5°C
>> Temperature normal. Fan remains OFF.
CPU Temp: 43.5°C
>> Temperature normal. Fan remains OFF.
CPU Temp: 43.5°C
>> Temperature normal. Fan remains OFF.
CPU Temp: 43.5°C
>> Temperature normal. Fan remains OFF.
CPU Temp: 43.5°C
>> Temperature normal. Fan remains OFF.
CPU Temp: 43.5°C
